This is pdfTeX, Version 3.141592653-2.6-1.40.22 (TeX Live 2021) (preloaded format=pdflatex 2021.6.13)  19 SEP 2023 17:07
entering extended mode
 restricted \write18 enabled.
 file:line:error style messages enabled.
 %&-line parsing enabled.
**ConsolidatedResults.tex
(./ConsolidatedResults.tex
LaTeX2e <2020-10-01> patch level 4
L3 programming layer <2021-02-18>
(/usr/local/texlive/2021/texmf-dist/tex/latex/base/article.cls
Document Class: article 2020/04/10 v1.4m Standard LaTeX document class
(/usr/local/texlive/2021/texmf-dist/tex/latex/base/leqno.clo
File: leqno.clo 2016/12/29 v1.2b Standard LaTeX option (left equation numbers)
)
(/usr/local/texlive/2021/texmf-dist/tex/latex/base/size10.clo
File: size10.clo 2020/04/10 v1.4m Standard LaTeX file (size option)
)
\c@part=\count179
\c@section=\count180
\c@subsection=\count181
\c@subsubsection=\count182
\c@paragraph=\count183
\c@subparagraph=\count184
\c@figure=\count185
\c@table=\count186
\abovecaptionskip=\skip47
\belowcaptionskip=\skip48
\bibindent=\dimen138
)
(/usr/local/texlive/2021/texmf-dist/tex/latex/geometry/geometry.sty
Package: geometry 2020/01/02 v5.9 Page Geometry

(/usr/local/texlive/2021/texmf-dist/tex/latex/graphics/keyval.sty
Package: keyval 2014/10/28 v1.15 key=value parser (DPC)
\KV@toks@=\toks15
)
(/usr/local/texlive/2021/texmf-dist/tex/generic/iftex/ifvtex.sty
Package: ifvtex 2019/10/25 v1.7 ifvtex legacy package. Use iftex instead.

(/usr/local/texlive/2021/texmf-dist/tex/generic/iftex/iftex.sty
Package: iftex 2020/03/06 v1.0d TeX engine tests
))
\Gm@cnth=\count187
\Gm@cntv=\count188
\c@Gm@tempcnt=\count189
\Gm@bindingoffset=\dimen139
\Gm@wd@mp=\dimen140
\Gm@odd@mp=\dimen141
\Gm@even@mp=\dimen142
\Gm@layoutwidth=\dimen143
\Gm@layoutheight=\dimen144
\Gm@layouthoffset=\dimen145
\Gm@layoutvoffset=\dimen146
\Gm@dimlist=\toks16
)
(/usr/local/texlive/2021/texmf-dist/tex/latex/graphics/lscape.sty
Package: lscape 2020/05/28 v3.02 Landscape Pages (DPC)

(/usr/local/texlive/2021/texmf-dist/tex/latex/graphics/graphics.sty
Package: graphics 2020/08/30 v1.4c Standard LaTeX Graphics (DPC,SPQR)

(/usr/local/texlive/2021/texmf-dist/tex/latex/graphics/trig.sty
Package: trig 2016/01/03 v1.10 sin cos tan (DPC)
)
(/usr/local/texlive/2021/texmf-dist/tex/latex/graphics-cfg/graphics.cfg
File: graphics.cfg 2016/06/04 v1.11 sample graphics configuration
)
Package graphics Info: Driver file: pdftex.def on input line 105.

(/usr/local/texlive/2021/texmf-dist/tex/latex/graphics-def/pdftex.def
File: pdftex.def 2020/10/05 v1.2a Graphics/color driver for pdftex
)))
(/usr/local/texlive/2021/texmf-dist/tex/latex/booktabs/booktabs.sty
Package: booktabs 2020/01/12 v1.61803398 Publication quality tables
\heavyrulewidth=\dimen147
\lightrulewidth=\dimen148
\cmidrulewidth=\dimen149
\belowrulesep=\dimen150
\belowbottomsep=\dimen151
\aboverulesep=\dimen152
\abovetopsep=\dimen153
\cmidrulesep=\dimen154
\cmidrulekern=\dimen155
\defaultaddspace=\dimen156
\@cmidla=\count190
\@cmidlb=\count191
\@aboverulesep=\dimen157
\@belowrulesep=\dimen158
\@thisruleclass=\count192
\@lastruleclass=\count193
\@thisrulewidth=\dimen159
)
(/usr/local/texlive/2021/texmf-dist/tex/latex/threeparttable/threeparttable.sty
Package: threeparttable 2003/06/13  v 3.0
\@tempboxb=\box47
) (/usr/local/texlive/2021/texmf-dist/tex/latex/tools/tabularx.sty
Package: tabularx 2020/01/15 v2.11c `tabularx' package (DPC)

(/usr/local/texlive/2021/texmf-dist/tex/latex/tools/array.sty
Package: array 2020/10/01 v2.5c Tabular extension package (FMi)
\col@sep=\dimen160
\ar@mcellbox=\box48
\extrarowheight=\dimen161
\NC@list=\toks17
\extratabsurround=\skip49
\backup@length=\skip50
\ar@cellbox=\box49
)
\TX@col@width=\dimen162
\TX@old@table=\dimen163
\TX@old@col=\dimen164
\TX@target=\dimen165
\TX@delta=\dimen166
\TX@cols=\count194
\TX@ftn=\toks18
)
(/usr/local/texlive/2021/texmf-dist/tex/latex/float/float.sty
Package: float 2001/11/08 v1.3d Float enhancements (AL)
\c@float@type=\count195
\float@exts=\toks19
\float@box=\box50
\@float@everytoks=\toks20
\@floatcapt=\box51
)
(/usr/local/texlive/2021/texmf-dist/tex/latex/adjustbox/adjustbox.sty
Package: adjustbox 2020/08/19 v1.3 Adjusting TeX boxes (trim, clip, ...)

(/usr/local/texlive/2021/texmf-dist/tex/latex/xkeyval/xkeyval.sty
Package: xkeyval 2020/11/20 v2.8 package option processing (HA)

(/usr/local/texlive/2021/texmf-dist/tex/generic/xkeyval/xkeyval.tex
(/usr/local/texlive/2021/texmf-dist/tex/generic/xkeyval/xkvutils.tex
\XKV@toks=\toks21
\XKV@tempa@toks=\toks22
)
\XKV@depth=\count196
File: xkeyval.tex 2014/12/03 v2.7a key=value parser (HA)
))
(/usr/local/texlive/2021/texmf-dist/tex/latex/adjustbox/adjcalc.sty
Package: adjcalc 2012/05/16 v1.1 Provides advanced setlength with multiple back
-ends (calc, etex, pgfmath)
)
(/usr/local/texlive/2021/texmf-dist/tex/latex/adjustbox/trimclip.sty
Package: trimclip 2020/08/19 v1.2 Trim and clip general TeX material

(/usr/local/texlive/2021/texmf-dist/tex/latex/graphics/graphicx.sty
Package: graphicx 2020/09/09 v1.2b Enhanced LaTeX Graphics (DPC,SPQR)
\Gin@req@height=\dimen167
\Gin@req@width=\dimen168
)
(/usr/local/texlive/2021/texmf-dist/tex/latex/collectbox/collectbox.sty
Package: collectbox 2012/05/17 v0.4b Collect macro arguments as boxes
\collectedbox=\box52
)
\tc@llx=\dimen169
\tc@lly=\dimen170
\tc@urx=\dimen171
\tc@ury=\dimen172
Package trimclip Info: Using driver 'tc-pdftex.def'.

(/usr/local/texlive/2021/texmf-dist/tex/latex/adjustbox/tc-pdftex.def
File: tc-pdftex.def 2019/01/04 v2.2 Clipping driver for pdftex
))
\adjbox@Width=\dimen173
\adjbox@Height=\dimen174
\adjbox@Depth=\dimen175
\adjbox@Totalheight=\dimen176
\adjbox@pwidth=\dimen177
\adjbox@pheight=\dimen178
\adjbox@pdepth=\dimen179
\adjbox@ptotalheight=\dimen180

(/usr/local/texlive/2021/texmf-dist/tex/latex/ifoddpage/ifoddpage.sty
Package: ifoddpage 2016/04/23 v1.1 Conditionals for odd/even page detection
\c@checkoddpage=\count197
)
(/usr/local/texlive/2021/texmf-dist/tex/latex/varwidth/varwidth.sty
Package: varwidth 2009/03/30 ver 0.92;  Variable-width minipages
\@vwid@box=\box53
\sift@deathcycles=\count198
\@vwid@loff=\dimen181
\@vwid@roff=\dimen182
))
(/usr/local/texlive/2021/texmf-dist/tex/latex/amsmath/amsmath.sty
Package: amsmath 2020/09/23 v2.17i AMS math features
\@mathmargin=\skip51

For additional information on amsmath, use the `?' option.
(/usr/local/texlive/2021/texmf-dist/tex/latex/amsmath/amstext.sty
Package: amstext 2000/06/29 v2.01 AMS text

(/usr/local/texlive/2021/texmf-dist/tex/latex/amsmath/amsgen.sty
File: amsgen.sty 1999/11/30 v2.0 generic functions
\@emptytoks=\toks23
\ex@=\dimen183
))
(/usr/local/texlive/2021/texmf-dist/tex/latex/amsmath/amsbsy.sty
Package: amsbsy 1999/11/29 v1.2d Bold Symbols
\pmbraise@=\dimen184
)
(/usr/local/texlive/2021/texmf-dist/tex/latex/amsmath/amsopn.sty
Package: amsopn 2016/03/08 v2.02 operator names
)
\inf@bad=\count199
LaTeX Info: Redefining \frac on input line 234.
\uproot@=\count266
\leftroot@=\count267
LaTeX Info: Redefining \overline on input line 399.
\classnum@=\count268
\DOTSCASE@=\count269
LaTeX Info: Redefining \ldots on input line 496.
LaTeX Info: Redefining \dots on input line 499.
LaTeX Info: Redefining \cdots on input line 620.
\Mathstrutbox@=\box54
\strutbox@=\box55
\big@size=\dimen185
LaTeX Font Info:    Redeclaring font encoding OML on input line 743.
LaTeX Font Info:    Redeclaring font encoding OMS on input line 744.
\macc@depth=\count270
\c@MaxMatrixCols=\count271
\dotsspace@=\muskip16
\c@parentequation=\count272
\dspbrk@lvl=\count273
\tag@help=\toks24
\row@=\count274
\column@=\count275
\maxfields@=\count276
\andhelp@=\toks25
\eqnshift@=\dimen186
\alignsep@=\dimen187
\tagshift@=\dimen188
\tagwidth@=\dimen189
\totwidth@=\dimen190
\lineht@=\dimen191
\@envbody=\toks26
\multlinegap=\skip52
\multlinetaggap=\skip53
\mathdisplay@stack=\toks27
LaTeX Info: Redefining \[ on input line 2923.
LaTeX Info: Redefining \] on input line 2924.
)
(/usr/local/texlive/2021/texmf-dist/tex/latex/base/fontenc.sty
Package: fontenc 2020/08/10 v2.0s Standard LaTeX package
)
(/usr/local/texlive/2021/texmf-dist/tex/latex/base/inputenc.sty
Package: inputenc 2020/08/01 v1.3d Input encoding file
\inpenc@prehook=\toks28
\inpenc@posthook=\toks29
)
(/usr/local/texlive/2021/texmf-dist/tex/latex/pdfpages/pdfpages.sty
Package: pdfpages 2021/03/06 v0.5t Insert pages of external PDF documents (AM)

(/usr/local/texlive/2021/texmf-dist/tex/latex/base/ifthen.sty
Package: ifthen 2014/09/29 v1.1c Standard LaTeX ifthen package (DPC)
)
(/usr/local/texlive/2021/texmf-dist/tex/latex/tools/calc.sty
Package: calc 2017/05/25 v4.3 Infix arithmetic (KKT,FJ)
\calc@Acount=\count277
\calc@Bcount=\count278
\calc@Adimen=\dimen192
\calc@Bdimen=\dimen193
\calc@Askip=\skip54
\calc@Bskip=\skip55
LaTeX Info: Redefining \setlength on input line 80.
LaTeX Info: Redefining \addtolength on input line 81.
\calc@Ccount=\count279
\calc@Cskip=\skip56
)
(/usr/local/texlive/2021/texmf-dist/tex/latex/eso-pic/eso-pic.sty
Package: eso-pic 2020/10/14 v3.0a eso-pic (RN)
\ESO@tempdima=\dimen194
\ESO@tempdimb=\dimen195

(/usr/local/texlive/2021/texmf-dist/tex/latex/xcolor/xcolor.sty
Package: xcolor 2016/05/11 v2.12 LaTeX color extensions (UK)

(/usr/local/texlive/2021/texmf-dist/tex/latex/graphics-cfg/color.cfg
File: color.cfg 2016/01/02 v1.6 sample color configuration
)
Package xcolor Info: Driver file: pdftex.def on input line 225.
Package xcolor Info: Model `cmy' substituted by `cmy0' on input line 1348.
Package xcolor Info: Model `hsb' substituted by `rgb' on input line 1352.
Package xcolor Info: Model `RGB' extended on input line 1364.
Package xcolor Info: Model `HTML' substituted by `rgb' on input line 1366.
Package xcolor Info: Model `Hsb' substituted by `hsb' on input line 1367.
Package xcolor Info: Model `tHsb' substituted by `hsb' on input line 1368.
Package xcolor Info: Model `HSB' substituted by `hsb' on input line 1369.
Package xcolor Info: Model `Gray' substituted by `gray' on input line 1370.
Package xcolor Info: Model `wave' substituted by `hsb' on input line 1371.
))
\AM@pagewidth=\dimen196
\AM@pageheight=\dimen197
\AM@fboxrule=\dimen198

(/usr/local/texlive/2021/texmf-dist/tex/latex/pdfpages/pppdftex.def
File: pppdftex.def 2021/03/06 v0.5t Pdfpages driver for pdfTeX (AM)
)
\pdfpages@includegraphics@status=\count280
\AM@pagebox=\box56
\AM@global@opts=\toks30
\AM@pagecnt=\count281
\AM@toc@title=\toks31
\c@AM@survey=\count282
\AM@templatesizebox=\box57
)
(/usr/local/texlive/2021/texmf-dist/tex/latex/amsfonts/amsfonts.sty
Package: amsfonts 2013/01/14 v3.01 Basic AMSFonts support
\symAMSa=\mathgroup4
\symAMSb=\mathgroup5
LaTeX Font Info:    Redeclaring math symbol \hbar on input line 98.
LaTeX Font Info:    Overwriting math alphabet `\mathfrak' in version `bold'
(Font)                  U/euf/m/n --> U/euf/b/n on input line 106.
)
(/usr/local/texlive/2021/texmf-dist/tex/latex/titlesec/titlesec.sty
Package: titlesec 2019/10/16 v2.13 Sectioning titles
\ttl@box=\box58
\beforetitleunit=\skip57
\aftertitleunit=\skip58
\ttl@plus=\dimen199
\ttl@minus=\dimen256
\ttl@toksa=\toks32
\titlewidth=\dimen257
\titlewidthlast=\dimen258
\titlewidthfirst=\dimen259
)
(/usr/local/texlive/2021/texmf-dist/tex/latex/subfiles/subfiles.sty
Package: subfiles 2020/11/14 v2.2 Multi-file projects (package)

(/usr/local/texlive/2021/texmf-dist/tex/latex/import/import.sty
Package: import 2020/04/01  v 6.2
))
(/usr/local/texlive/2021/texmf-dist/tex/latex/amsfonts/amssymb.sty
Package: amssymb 2013/01/14 v3.01 AMS font symbols
)
(/usr/local/texlive/2021/texmf-dist/tex/latex/psnfss/pifont.sty
Package: pifont 2020/03/25 PSNFSS-v9.3 Pi font support (SPQR) 
LaTeX Font Info:    Trying to load font information for U+pzd on input line 63.


(/usr/local/texlive/2021/texmf-dist/tex/latex/psnfss/upzd.fd
File: upzd.fd 2001/06/04 font definitions for U/pzd.
)
LaTeX Font Info:    Trying to load font information for U+psy on input line 64.


(/usr/local/texlive/2021/texmf-dist/tex/latex/psnfss/upsy.fd
File: upsy.fd 2001/06/04 font definitions for U/psy.
))
(/usr/local/texlive/2021/texmf-dist/tex/latex/comment/comment.sty
\CommentStream=\write3

Excluding comment 'comment')
(/usr/local/texlive/2021/texmf-dist/tex/latex/setspace/setspace.sty
Package: setspace 2011/12/19 v6.7a set line spacing
)
(/usr/local/texlive/2021/texmf-dist/tex/latex/lastpage/lastpage.sty
Package: lastpage 2015/03/29 v1.2m Refers to last page's name (HMM; JPG)
)
(/usr/local/texlive/2021/texmf-dist/tex/latex/psnfss/palatino.sty
Package: palatino 2020/03/25 PSNFSS-v9.3 (SPQR) 
)
(/usr/local/texlive/2021/texmf-dist/tex/latex/titling/titling.sty
Package: titling 2009/09/04 v2.1d maketitle typesetting
\thanksmarkwidth=\skip59
\thanksmargin=\skip60
\droptitle=\skip61
)
(/usr/local/texlive/2021/texmf-dist/tex/latex/multirow/multirow.sty
Package: multirow 2021/03/15 v2.8 Span multiple rows of a table
\multirow@colwidth=\skip62
\multirow@cntb=\count283
\multirow@dima=\skip63
\bigstrutjot=\dimen260
)
(/usr/local/texlive/2021/texmf-dist/tex/latex/caption/subcaption.sty
Package: subcaption 2020/10/07 v1.3j Sub-captions (AR)

(/usr/local/texlive/2021/texmf-dist/tex/latex/caption/caption.sty
Package: caption 2020/10/26 v3.5g Customizing captions (AR)

(/usr/local/texlive/2021/texmf-dist/tex/latex/caption/caption3.sty
Package: caption3 2020/10/21 v2.2e caption3 kernel (AR)
\captionmargin=\dimen261
\captionmargin@=\dimen262
\captionwidth=\dimen263
\caption@tempdima=\dimen264
\caption@indent=\dimen265
\caption@parindent=\dimen266
\caption@hangindent=\dimen267
Package caption Info: Standard document class detected.
)
\c@caption@flags=\count284
\c@continuedfloat=\count285
Package caption Info: float package is loaded.
Package caption Info: threeparttable package is loaded.
)
\c@subfigure=\count286
\c@subtable=\count287
)
LaTeX Font Info:    Trying to load font information for T1+ppl on input line 42
.

(/usr/local/texlive/2021/texmf-dist/tex/latex/psnfss/t1ppl.fd
File: t1ppl.fd 2001/06/04 font definitions for T1/ppl.
)
(/usr/local/texlive/2021/texmf-dist/tex/latex/l3backend/l3backend-pdftex.def
File: l3backend-pdftex.def 2021-03-18 L3 backend support: PDF output (pdfTeX)
\l__color_backend_stack_int=\count288
\l__pdf_internal_box=\box59
)
(./ConsolidatedResults.aux)
\openout1 = `ConsolidatedResults.aux'.

LaTeX Font Info:    Checking defaults for OML/cmm/m/it on input line 42.
LaTeX Font Info:    ... okay on input line 42.
LaTeX Font Info:    Checking defaults for OMS/cmsy/m/n on input line 42.
LaTeX Font Info:    ... okay on input line 42.
LaTeX Font Info:    Checking defaults for OT1/cmr/m/n on input line 42.
LaTeX Font Info:    ... okay on input line 42.
LaTeX Font Info:    Checking defaults for T1/cmr/m/n on input line 42.
LaTeX Font Info:    ... okay on input line 42.
LaTeX Font Info:    Checking defaults for TS1/cmr/m/n on input line 42.
LaTeX Font Info:    ... okay on input line 42.
LaTeX Font Info:    Checking defaults for OMX/cmex/m/n on input line 42.
LaTeX Font Info:    ... okay on input line 42.
LaTeX Font Info:    Checking defaults for U/cmr/m/n on input line 42.
LaTeX Font Info:    ... okay on input line 42.

*geometry* driver: auto-detecting
*geometry* detected driver: pdftex
*geometry* verbose mode - [ preamble ] result:
* driver: pdftex
* paper: <default>
* layout: <same size as paper>
* layoutoffset:(h,v)=(0.0pt,0.0pt)
* modes: 
* h-part:(L,W,R)=(72.26999pt, 469.75502pt, 72.26999pt)
* v-part:(T,H,B)=(72.26999pt, 650.43001pt, 72.26999pt)
* \paperwidth=614.295pt
* \paperheight=794.96999pt
* \textwidth=469.75502pt
* \textheight=650.43001pt
* \oddsidemargin=0.0pt
* \evensidemargin=0.0pt
* \topmargin=-37.0pt
* \headheight=12.0pt
* \headsep=25.0pt
* \topskip=10.0pt
* \footskip=30.0pt
* \marginparwidth=65.0pt
* \marginparsep=11.0pt
* \columnsep=10.0pt
* \skip\footins=9.0pt plus 4.0pt minus 2.0pt
* \hoffset=0.0pt
* \voffset=0.0pt
* \mag=1000
* \@twocolumnfalse
* \@twosidefalse
* \@mparswitchfalse
* \@reversemarginfalse
* (1in=72.27pt=25.4mm, 1cm=28.453pt)

(/usr/local/texlive/2021/texmf-dist/tex/context/base/mkii/supp-pdf.mkii
[Loading MPS to PDF converter (version 2006.09.02).]
\scratchcounter=\count289
\scratchdimen=\dimen268
\scratchbox=\box60
\nofMPsegments=\count290
\nofMParguments=\count291
\everyMPshowfont=\toks33
\MPscratchCnt=\count292
\MPscratchDim=\dimen269
\MPnumerator=\count293
\makeMPintoPDFobject=\count294
\everyMPtoPDFconversion=\toks34
) (/usr/local/texlive/2021/texmf-dist/tex/latex/epstopdf-pkg/epstopdf-base.sty
Package: epstopdf-base 2020-01-24 v2.11 Base part for package epstopdf
Package epstopdf-base Info: Redefining graphics rule for `.eps' on input line 4
85.

(/usr/local/texlive/2021/texmf-dist/tex/latex/latexconfig/epstopdf-sys.cfg
File: epstopdf-sys.cfg 2010/07/13 v1.3 Configuration of (r)epstopdf for TeX Liv
e
))
(/usr/local/texlive/2021/texmf-dist/tex/latex/pdflscape/pdflscape.sty
Package: pdflscape 2019/12/05 v0.12 Display of landscape pages in PDF (HO)
Package pdflscape Info: Auto-detected driver: pdftex on input line 81.
)
Package lastpage Info: Please have a look at the pageslts package at
(lastpage)             https://www.ctan.org/pkg/pageslts
(lastpage)             ! on input line 42.
Package caption Info: Begin \AtBeginDocument code.
Package caption Info: End \AtBeginDocument code.
LaTeX Font Info:    Trying to load font information for U+msa on input line 44.


(/usr/local/texlive/2021/texmf-dist/tex/latex/amsfonts/umsa.fd
File: umsa.fd 2013/01/14 v3.01 AMS symbols A
)
LaTeX Font Info:    Trying to load font information for U+msb on input line 44.


(/usr/local/texlive/2021/texmf-dist/tex/latex/amsfonts/umsb.fd
File: umsb.fd 2013/01/14 v3.01 AMS symbols B
)
<CA_QuestionK1_ORI.png, id=1, 941.5175pt x 684.5575pt>
File: CA_QuestionK1_ORI.png Graphic file (type png)
<use CA_QuestionK1_ORI.png>
Package pdftex.def Info: CA_QuestionK1_ORI.png  used on input line 52.
(pdftex.def)             Requested size: 141.22153pt x 102.67918pt.
<CA_QuestionK2_ORI.png, id=2, 941.5175pt x 684.5575pt>
File: CA_QuestionK2_ORI.png Graphic file (type png)
<use CA_QuestionK2_ORI.png>
Package pdftex.def Info: CA_QuestionK2_ORI.png  used on input line 53.
(pdftex.def)             Requested size: 141.22153pt x 102.67918pt.
<CA_QuestionK3_ORI.png, id=3, 941.5175pt x 684.5575pt>
File: CA_QuestionK3_ORI.png Graphic file (type png)
<use CA_QuestionK3_ORI.png>
Package pdftex.def Info: CA_QuestionK3_ORI.png  used on input line 54.
(pdftex.def)             Requested size: 141.22153pt x 102.67918pt.
<CA_QuestionK4_ORI.png, id=4, 941.5175pt x 684.5575pt>
File: CA_QuestionK4_ORI.png Graphic file (type png)
<use CA_QuestionK4_ORI.png>
Package pdftex.def Info: CA_QuestionK4_ORI.png  used on input line 55.
(pdftex.def)             Requested size: 141.22153pt x 102.67918pt.
<CA_QuestionK6_ORI.png, id=5, 941.5175pt x 684.5575pt>
File: CA_QuestionK6_ORI.png Graphic file (type png)
<use CA_QuestionK6_ORI.png>
Package pdftex.def Info: CA_QuestionK6_ORI.png  used on input line 56.
(pdftex.def)             Requested size: 141.22153pt x 102.67918pt.
<CA_QuestionK7_ORI.png, id=6, 941.5175pt x 684.5575pt>
File: CA_QuestionK7_ORI.png Graphic file (type png)
<use CA_QuestionK7_ORI.png>
Package pdftex.def Info: CA_QuestionK7_ORI.png  used on input line 57.
(pdftex.def)             Requested size: 141.22153pt x 102.67918pt.
<CA_QuestionK8_ORI.png, id=7, 941.5175pt x 684.5575pt>
File: CA_QuestionK8_ORI.png Graphic file (type png)
<use CA_QuestionK8_ORI.png>
Package pdftex.def Info: CA_QuestionK8_ORI.png  used on input line 58.
(pdftex.def)             Requested size: 141.22153pt x 102.67918pt.
<CA_QuestionK9_ORI.png, id=8, 941.5175pt x 684.5575pt>
File: CA_QuestionK9_ORI.png Graphic file (type png)
<use CA_QuestionK9_ORI.png>
Package pdftex.def Info: CA_QuestionK9_ORI.png  used on input line 59.
(pdftex.def)             Requested size: 141.22153pt x 102.67918pt.
<CA_QuestionK10_ORI.png, id=9, 941.5175pt x 684.5575pt>
File: CA_QuestionK10_ORI.png Graphic file (type png)
<use CA_QuestionK10_ORI.png>
Package pdftex.def Info: CA_QuestionK10_ORI.png  used on input line 60.
(pdftex.def)             Requested size: 141.22153pt x 102.67918pt.

Underfull \hbox (badness 10000) in paragraph at lines 64--67

 []

[1

{/usr/local/texlive/2021/texmf-var/fonts/map/pdftex/updmap/pdftex.map} <./CA_Qu
estionK1_ORI.png> <./CA_QuestionK2_ORI.png> <./CA_QuestionK3_ORI.png> <./CA_Que
stionK4_ORI.png> <./CA_QuestionK6_ORI.png> <./CA_QuestionK7_ORI.png> <./CA_Ques
tionK8_ORI.png> <./CA_QuestionK9_ORI.png> <./CA_QuestionK10_ORI.png>]
<CA_QuestionK5_ORI.png, id=17, 941.5175pt x 684.5575pt>
File: CA_QuestionK5_ORI.png Graphic file (type png)
<use CA_QuestionK5_ORI.png>
Package pdftex.def Info: CA_QuestionK5_ORI.png  used on input line 71.
(pdftex.def)             Requested size: 235.3788pt x 171.13895pt.
<CA_CountryK1_ORI.png, id=18, 941.5175pt x 684.5575pt>
File: CA_CountryK1_ORI.png Graphic file (type png)
<use CA_CountryK1_ORI.png>
Package pdftex.def Info: CA_CountryK1_ORI.png  used on input line 79.
(pdftex.def)             Requested size: 141.22153pt x 102.67918pt.
<CA_CountryK2_ORI.png, id=19, 941.5175pt x 684.5575pt>
File: CA_CountryK2_ORI.png Graphic file (type png)
<use CA_CountryK2_ORI.png>
Package pdftex.def Info: CA_CountryK2_ORI.png  used on input line 80.
(pdftex.def)             Requested size: 141.22153pt x 102.67918pt.
<CA_CountryK3_ORI.png, id=20, 941.5175pt x 684.5575pt>
File: CA_CountryK3_ORI.png Graphic file (type png)
<use CA_CountryK3_ORI.png>
Package pdftex.def Info: CA_CountryK3_ORI.png  used on input line 81.
(pdftex.def)             Requested size: 141.22153pt x 102.67918pt.
<CA_CountryK4_ORI.png, id=21, 941.5175pt x 684.5575pt>
File: CA_CountryK4_ORI.png Graphic file (type png)
<use CA_CountryK4_ORI.png>
Package pdftex.def Info: CA_CountryK4_ORI.png  used on input line 82.
(pdftex.def)             Requested size: 141.22153pt x 102.67918pt.
<CA_CountryK6_ORI.png, id=22, 941.5175pt x 684.5575pt>
File: CA_CountryK6_ORI.png Graphic file (type png)
<use CA_CountryK6_ORI.png>
Package pdftex.def Info: CA_CountryK6_ORI.png  used on input line 83.
(pdftex.def)             Requested size: 141.22153pt x 102.67918pt.
<CA_CountryK7_ORI.png, id=23, 941.5175pt x 684.5575pt>
File: CA_CountryK7_ORI.png Graphic file (type png)
<use CA_CountryK7_ORI.png>
Package pdftex.def Info: CA_CountryK7_ORI.png  used on input line 84.
(pdftex.def)             Requested size: 141.22153pt x 102.67918pt.
<CA_CountryK8_ORI.png, id=24, 941.5175pt x 684.5575pt>
File: CA_CountryK8_ORI.png Graphic file (type png)
<use CA_CountryK8_ORI.png>
Package pdftex.def Info: CA_CountryK8_ORI.png  used on input line 85.
(pdftex.def)             Requested size: 141.22153pt x 102.67918pt.
<CA_CountryK9_ORI.png, id=25, 941.5175pt x 684.5575pt>
File: CA_CountryK9_ORI.png Graphic file (type png)
<use CA_CountryK9_ORI.png>
Package pdftex.def Info: CA_CountryK9_ORI.png  used on input line 86.
(pdftex.def)             Requested size: 141.22153pt x 102.67918pt.
<CA_CountryK10_ORI.png, id=26, 941.5175pt x 684.5575pt>
File: CA_CountryK10_ORI.png Graphic file (type png)
<use CA_CountryK10_ORI.png>
Package pdftex.def Info: CA_CountryK10_ORI.png  used on input line 87.
(pdftex.def)             Requested size: 141.22153pt x 102.67918pt.


LaTeX Warning: `!h' float specifier changed to `!ht'.

<CA_CountryK5_ORI.png, id=27, 941.5175pt x 684.5575pt>
File: CA_CountryK5_ORI.png Graphic file (type png)
<use CA_CountryK5_ORI.png>
Package pdftex.def Info: CA_CountryK5_ORI.png  used on input line 94.
(pdftex.def)             Requested size: 235.3788pt x 171.13895pt.

LaTeX Warning: `!h' float specifier changed to `!ht'.

(./CA_QuestionsK5_ORI.tex
./CA_QuestionsK5_ORI.tex:92: Package array Error:  Illegal pream-token (C): `c'
 used.

See the array package documentation for explanation.
Type  H <return>  for immediate help.
 ...                                              
                                                  
l.92 \end{tabularx}
                   
? 
./CA_QuestionsK5_ORI.tex:92: Package array Error:  Illegal pream-token (C): `c'
 used.

See the array package documentation for explanation.
Type  H <return>  for immediate help.
 ...                                              
                                                  
l.92 \end{tabularx}
                   
? 
./CA_QuestionsK5_ORI.tex:92: Package array Error:  Illegal pream-token (C): `c'
 used.

See the array package documentation for explanation.
Type  H <return>  for immediate help.
 ...                                              
                                                  
l.92 \end{tabularx}
                   
? 
./CA_QuestionsK5_ORI.tex:92: Package array Error:  Illegal pream-token (C): `c'
 used.

See the array package documentation for explanation.
Type  H <return>  for immediate help.
 ...                                              
                                                  
l.92 \end{tabularx}
                   
? 
./CA_QuestionsK5_ORI.tex:92: Package array Error:  Illegal pream-token (C): `c'
 used.

See the array package documentation for explanation.
Type  H <return>  for immediate help.
 ...                                              
                                                  
l.92 \end{tabularx}
                   
? 
./CA_QuestionsK5_ORI.tex:92: Package array Error:  Illegal pream-token (C): `c'
 used.

See the array package documentation for explanation.
Type  H <return>  for immediate help.
 ...                                              
                                                  
l.92 \end{tabularx}
                   
? 

./CA_QuestionsK5_ORI.tex:92: Package array Error:  Illegal pream-token (C): `c'
 used.

See the array package documentation for explanation.
Type  H <return>  for immediate help.
 ...                                              
                                                  
l.92 \end{tabularx}
                   
? 

./CA_QuestionsK5_ORI.tex:92: Package array Error:  Illegal pream-token (C): `c'
 used.

See the array package documentation for explanation.
Type  H <return>  for immediate help.
 ...                                              
                                                  
l.92 \end{tabularx}
                   
? 

./CA_QuestionsK5_ORI.tex:92: Package array Error:  Illegal pream-token (C): `c'
 used.

See the array package documentation for explanation.
Type  H <return>  for immediate help.
 ...                                              
                                                  
l.92 \end{tabularx}
                   
? 
LaTeX Info: Symbol \textasciiacute not provided by
            font family ppl in TS1 encoding.
            Default family used instead on input line 92.

Overfull \hbox (96.69934pt too wide) in alignment at lines 92--92
[][][][] 
 []

)

LaTeX Warning: Float too large for page by 15.37807pt on input line 105.

[2 <./CA_QuestionK5_ORI.png>] [3]
<CA_QuestionK1_NOR.png, id=35, 941.5175pt x 684.5575pt>
File: CA_QuestionK1_NOR.png Graphic file (type png)
<use CA_QuestionK1_NOR.png>
Package pdftex.def Info: CA_QuestionK1_NOR.png  used on input line 114.
(pdftex.def)             Requested size: 141.22153pt x 102.67918pt.
<CA_QuestionK2_NOR.png, id=36, 941.5175pt x 684.5575pt>
File: CA_QuestionK2_NOR.png Graphic file (type png)
<use CA_QuestionK2_NOR.png>
Package pdftex.def Info: CA_QuestionK2_NOR.png  used on input line 115.
(pdftex.def)             Requested size: 141.22153pt x 102.67918pt.
<CA_QuestionK3_NOR.png, id=37, 941.5175pt x 684.5575pt>
File: CA_QuestionK3_NOR.png Graphic file (type png)
<use CA_QuestionK3_NOR.png>
Package pdftex.def Info: CA_QuestionK3_NOR.png  used on input line 116.
(pdftex.def)             Requested size: 141.22153pt x 102.67918pt.
<CA_QuestionK4_NOR.png, id=38, 941.5175pt x 684.5575pt>
File: CA_QuestionK4_NOR.png Graphic file (type png)
<use CA_QuestionK4_NOR.png>
Package pdftex.def Info: CA_QuestionK4_NOR.png  used on input line 117.
(pdftex.def)             Requested size: 141.22153pt x 102.67918pt.
<CA_QuestionK6_NOR.png, id=39, 941.5175pt x 684.5575pt>
File: CA_QuestionK6_NOR.png Graphic file (type png)
<use CA_QuestionK6_NOR.png>
Package pdftex.def Info: CA_QuestionK6_NOR.png  used on input line 118.
(pdftex.def)             Requested size: 141.22153pt x 102.67918pt.
<CA_QuestionK7_NOR.png, id=40, 941.5175pt x 684.5575pt>
File: CA_QuestionK7_NOR.png Graphic file (type png)
<use CA_QuestionK7_NOR.png>
Package pdftex.def Info: CA_QuestionK7_NOR.png  used on input line 119.
(pdftex.def)             Requested size: 141.22153pt x 102.67918pt.
<CA_QuestionK8_NOR.png, id=41, 941.5175pt x 684.5575pt>
File: CA_QuestionK8_NOR.png Graphic file (type png)
<use CA_QuestionK8_NOR.png>
Package pdftex.def Info: CA_QuestionK8_NOR.png  used on input line 120.
(pdftex.def)             Requested size: 141.22153pt x 102.67918pt.
<CA_QuestionK9_NOR.png, id=42, 941.5175pt x 684.5575pt>
File: CA_QuestionK9_NOR.png Graphic file (type png)
<use CA_QuestionK9_NOR.png>
Package pdftex.def Info: CA_QuestionK9_NOR.png  used on input line 121.
(pdftex.def)             Requested size: 141.22153pt x 102.67918pt.
<CA_QuestionK10_NOR.png, id=43, 941.5175pt x 684.5575pt>
File: CA_QuestionK10_NOR.png Graphic file (type png)
<use CA_QuestionK10_NOR.png>
Package pdftex.def Info: CA_QuestionK10_NOR.png  used on input line 122.
(pdftex.def)             Requested size: 141.22153pt x 102.67918pt.


LaTeX Warning: `!h' float specifier changed to `!ht'.

<CA_QuestionK5_NOR.png, id=44, 941.5175pt x 684.5575pt>
File: CA_QuestionK5_NOR.png Graphic file (type png)
<use CA_QuestionK5_NOR.png>
Package pdftex.def Info: CA_QuestionK5_NOR.png  used on input line 130.
(pdftex.def)             Requested size: 235.3788pt x 171.13895pt.

LaTeX Warning: `!h' float specifier changed to `!ht'.

<CA_CountryK1_NOR.png, id=45, 941.5175pt x 684.5575pt>
File: CA_CountryK1_NOR.png Graphic file (type png)
<use CA_CountryK1_NOR.png>
Package pdftex.def Info: CA_CountryK1_NOR.png  used on input line 138.
(pdftex.def)             Requested size: 141.22153pt x 102.67918pt.
<CA_CountryK2_NOR.png, id=46, 941.5175pt x 684.5575pt>
File: CA_CountryK2_NOR.png Graphic file (type png)
<use CA_CountryK2_NOR.png>
Package pdftex.def Info: CA_CountryK2_NOR.png  used on input line 139.
(pdftex.def)             Requested size: 141.22153pt x 102.67918pt.
<CA_CountryK3_NOR.png, id=47, 941.5175pt x 684.5575pt>
File: CA_CountryK3_NOR.png Graphic file (type png)
<use CA_CountryK3_NOR.png>
Package pdftex.def Info: CA_CountryK3_NOR.png  used on input line 140.
(pdftex.def)             Requested size: 141.22153pt x 102.67918pt.
<CA_CountryK4_NOR.png, id=48, 941.5175pt x 684.5575pt>
File: CA_CountryK4_NOR.png Graphic file (type png)
<use CA_CountryK4_NOR.png>
Package pdftex.def Info: CA_CountryK4_NOR.png  used on input line 141.
(pdftex.def)             Requested size: 141.22153pt x 102.67918pt.
<CA_CountryK6_NOR.png, id=49, 941.5175pt x 684.5575pt>
File: CA_CountryK6_NOR.png Graphic file (type png)
<use CA_CountryK6_NOR.png>
Package pdftex.def Info: CA_CountryK6_NOR.png  used on input line 142.
(pdftex.def)             Requested size: 141.22153pt x 102.67918pt.
<CA_CountryK7_NOR.png, id=50, 941.5175pt x 684.5575pt>
File: CA_CountryK7_NOR.png Graphic file (type png)
<use CA_CountryK7_NOR.png>
Package pdftex.def Info: CA_CountryK7_NOR.png  used on input line 143.
(pdftex.def)             Requested size: 141.22153pt x 102.67918pt.
<CA_CountryK8_NOR.png, id=51, 941.5175pt x 684.5575pt>
File: CA_CountryK8_NOR.png Graphic file (type png)
<use CA_CountryK8_NOR.png>
Package pdftex.def Info: CA_CountryK8_NOR.png  used on input line 144.
(pdftex.def)             Requested size: 141.22153pt x 102.67918pt.
<CA_CountryK9_NOR.png, id=52, 941.5175pt x 684.5575pt>
File: CA_CountryK9_NOR.png Graphic file (type png)
<use CA_CountryK9_NOR.png>
Package pdftex.def Info: CA_CountryK9_NOR.png  used on input line 145.
(pdftex.def)             Requested size: 141.22153pt x 102.67918pt.
<CA_CountryK10_NOR.png, id=53, 941.5175pt x 684.5575pt>
File: CA_CountryK10_NOR.png Graphic file (type png)
<use CA_CountryK10_NOR.png>
Package pdftex.def Info: CA_CountryK10_NOR.png  used on input line 146.
(pdftex.def)             Requested size: 141.22153pt x 102.67918pt.

LaTeX Warning: `!h' float specifier changed to `!ht'.

<CA_CountryK5_NOR.png, id=54, 941.5175pt x 684.5575pt>
File: CA_CountryK5_NOR.png Graphic file (type png)
<use CA_CountryK5_NOR.png>
Package pdftex.def Info: CA_CountryK5_NOR.png  used on input line 154.
(pdftex.def)             Requested size: 235.3788pt x 171.13895pt.

LaTeX Warning: `!h' float specifier changed to `!ht'.


Underfull \hbox (badness 10000) in paragraph at lines 163--165

 []

<PCA_CultureMap_ORI.png, id=55, 941.5175pt x 684.5575pt>
File: PCA_CultureMap_ORI.png Graphic file (type png)
<use PCA_CultureMap_ORI.png>
Package pdftex.def Info: PCA_CultureMap_ORI.png  used on input line 168.
(pdftex.def)             Requested size: 235.3788pt x 171.13895pt.

LaTeX Warning: `!h' float specifier changed to `!ht'.

(./PCA_FactorLoading_ORI.tex
./PCA_FactorLoading_ORI.tex:92: Package array Error:  Illegal pream-token (C): 
`c' used.

See the array package documentation for explanation.
Type  H <return>  for immediate help.
 ...                                              
                                                  
l.92 \end{tabularx}
                   
? 
./PCA_FactorLoading_ORI.tex:92: Package array Error:  Illegal pream-token (C): 
`c' used.

See the array package documentation for explanation.
Type  H <return>  for immediate help.
 ...                                              
                                                  
l.92 \end{tabularx}
                   
? 

./PCA_FactorLoading_ORI.tex:92: Package array Error:  Illegal pream-token (C): 
`c' used.

See the array package documentation for explanation.
Type  H <return>  for immediate help.
 ...                                              
                                                  
l.92 \end{tabularx}
                   
? 

./PCA_FactorLoading_ORI.tex:92: Package array Error:  Illegal pream-token (C): 
`c' used.

See the array package documentation for explanation.
Type  H <return>  for immediate help.
 ...                                              
                                                  
l.92 \end{tabularx}
                   
? 

Underfull \hbox (badness 10000) in alignment at lines 92--92
[][][] 
 []

)

LaTeX Warning: Float too large for page by 15.37807pt on input line 180.

<PCA_CultureMap_NOR.png, id=56, 941.5175pt x 684.5575pt>
File: PCA_CultureMap_NOR.png Graphic file (type png)
<use PCA_CultureMap_NOR.png>
Package pdftex.def Info: PCA_CultureMap_NOR.png  used on input line 186.
(pdftex.def)             Requested size: 235.3788pt x 171.13895pt.

LaTeX Warning: `!h' float specifier changed to `!ht'.

(./PCA_FactorLoading_NOR.tex
./PCA_FactorLoading_NOR.tex:91: Package array Error:  Illegal pream-token (C): 
`c' used.

See the array package documentation for explanation.
Type  H <return>  for immediate help.
 ...                                              
                                                  
l.91 \end{tabularx}
                   
? 
./PCA_FactorLoading_NOR.tex:91: Package array Error:  Illegal pream-token (C): 
`c' used.

See the array package documentation for explanation.
Type  H <return>  for immediate help.
 ...                                              
                                                  
l.91 \end{tabularx}
                   
? 

./PCA_FactorLoading_NOR.tex:91: Package array Error:  Illegal pream-token (C): 
`c' used.

See the array package documentation for explanation.
Type  H <return>  for immediate help.
 ...                                              
                                                  
l.91 \end{tabularx}
                   
? 

./PCA_FactorLoading_NOR.tex:91: Package array Error:  Illegal pream-token (C): 
`c' used.

See the array package documentation for explanation.
Type  H <return>  for immediate help.
 ...                                              
                                                  
l.91 \end{tabularx}
                   
? 

Underfull \hbox (badness 10000) in alignment at lines 91--91
[][][] 
 []

)

LaTeX Warning: Float too large for page by 15.37807pt on input line 198.


Package lastpage Warning: Rerun to get the references right on input line 200.


AED: lastpage setting LastPage
[4 <./CA_CountryK1_ORI.png> <./CA_CountryK2_ORI.png> <./CA_CountryK3_ORI.png> <
./CA_CountryK4_ORI.png> <./CA_CountryK6_ORI.png> <./CA_CountryK7_ORI.png> <./CA
_CountryK8_ORI.png> <./CA_CountryK9_ORI.png> <./CA_CountryK10_ORI.png> <./CA_Co
untryK5_ORI.png>] [5 <./CA_QuestionK1_NOR.png> <./CA_QuestionK2_NOR.png> <./CA_
QuestionK3_NOR.png> <./CA_QuestionK4_NOR.png> <./CA_QuestionK6_NOR.png> <./CA_Q
uestionK7_NOR.png> <./CA_QuestionK8_NOR.png> <./CA_QuestionK9_NOR.png> <./CA_Qu
estionK10_NOR.png>] [6 <./CA_QuestionK5_NOR.png> <./CA_CountryK1_NOR.png> <./CA
_CountryK2_NOR.png> <./CA_CountryK3_NOR.png> <./CA_CountryK4_NOR.png> <./CA_Cou
ntryK6_NOR.png> <./CA_CountryK7_NOR.png> <./CA_CountryK8_NOR.png> <./CA_Country
K9_NOR.png> <./CA_CountryK10_NOR.png>] [7 <./CA_CountryK5_NOR.png> <./PCA_Cultu
reMap_ORI.png>] [8] [9 <./PCA_CultureMap_NOR.png>] [10]
(./ConsolidatedResults.aux)

LaTeX Warning: Label(s) may have changed. Rerun to get cross-references right.

 ) 
Here is how much of TeX's memory you used:
 7967 strings out of 478994
 122867 string characters out of 5858184
 470412 words of memory out of 5000000
 25227 multiletter control sequences out of 15000+600000
 424522 words of font info for 74 fonts, out of 8000000 for 9000
 1141 hyphenation exceptions out of 8191
 83i,10n,131p,620b,489s stack positions out of 5000i,500n,10000p,200000b,80000s
{/usr/local/texlive/2021/texmf-dist/fonts/enc/dvips/cm-super/cm-super-ts1.enc
}{/usr/local/texlive/2021/texmf-dist/fonts/enc/dvips/base/8r.enc}</usr/local/te
xlive/2021/texmf-dist/fonts/type1/public/cm-super/sfrm0900.pfb></usr/local/texl
ive/2021/texmf-dist/fonts/type1/urw/palatino/uplb8a.pfb></usr/local/texlive/202
1/texmf-dist/fonts/type1/urw/palatino/uplr8a.pfb>
Output written on ConsolidatedResults.pdf (10 pages, 5248613 bytes).
PDF statistics:
 93 PDF objects out of 1000 (max. 8388607)
 35 compressed objects within 1 object stream
 0 named destinations out of 1000 (max. 500000)
 211 words of extra memory for PDF output out of 10000 (max. 10000000)

